2025-05-18 01:08:28,174 - INFO - UART initialized
2025-05-18 01:08:28,178 - INFO - Listening for UART messages...
2025-05-18 01:08:28,179 - INFO - Monitoring response.txt...
2025-05-18 01:08:28,179 - INFO - Wiper slave initialized
2025-05-18 01:08:28,181 - INFO - response.txt changed, updating signals
2025-05-18 01:08:28,183 - INFO - Sent response UART: <STX>1,1,0,0,12,0,0,0<ETX>
2025-05-18 01:08:54,668 - INFO - Processing signals: {'wiperMode': 4, 'wiperSpeed': 2, 'wiperCycleCount': 0, 'WiperIntermittent': 0, 'wipingCycle': 0, 'Wiper_Function_Enabled': 1}
2025-05-18 01:08:54,669 - INFO - Wipers fully stopped
2025-05-18 01:08:54,669 - INFO - Sent response UART: <STX>1,1,0,0,12,0,0,0<ETX>
2025-05-18 01:08:54,673 - INFO - Started continuous front wiper (speed=fast)
2025-05-18 01:08:54,674 - INFO - Sent response UART: <STX>1,2,16,4,12,0,0,0<ETX>
2025-05-18 01:09:16,885 - INFO - Processing signals: {'wiperMode': 2, 'wiperSpeed': 1, 'wiperCycleCount': 0, 'WiperIntermittent': 0, 'wipingCycle': 0, 'Wiper_Function_Enabled': 1}
2025-05-18 01:09:16,895 - INFO - Sent response UART: <STX>1,2,0,4,12,0,0,0<ETX>
2025-05-18 01:09:16,897 - INFO - Wipers fully stopped
2025-05-18 01:09:16,898 - INFO - Sent response UART: <STX>1,2,0,4,12,0,0,0<ETX>
2025-05-18 01:09:16,900 - INFO - Started continuous front wiper (speed=normal)
2025-05-18 01:09:16,900 - INFO - Sent response UART: <STX>1,1,16,2,12,0,0,0<ETX>
2025-05-18 01:09:48,707 - INFO - Processing signals: {'wiperMode': 2, 'wiperSpeed': 2, 'wiperCycleCount': 0, 'WiperIntermittent': 0, 'wipingCycle': 0, 'Wiper_Function_Enabled': 1}
2025-05-18 01:09:48,775 - INFO - Sent response UART: <STX>1,1,0,2,12,0,0,0<ETX>
2025-05-18 01:09:48,775 - INFO - Wipers fully stopped
2025-05-18 01:09:48,776 - INFO - Sent response UART: <STX>1,1,0,2,12,0,0,0<ETX>
2025-05-18 01:09:48,777 - INFO - Started continuous front wiper (speed=fast)
2025-05-18 01:09:48,778 - INFO - Sent response UART: <STX>1,2,16,2,12,0,0,0<ETX>
2025-05-18 01:09:53,817 - INFO - Processing signals: {'wiperMode': 4, 'wiperSpeed': 2, 'wiperCycleCount': 0, 'WiperIntermittent': 0, 'wipingCycle': 0, 'Wiper_Function_Enabled': 1}
2025-05-18 01:09:53,840 - INFO - Sent response UART: <STX>1,2,0,2,12,0,0,0<ETX>
2025-05-18 01:09:53,841 - INFO - Wipers fully stopped
2025-05-18 01:09:53,842 - INFO - Sent response UART: <STX>1,2,0,2,12,0,0,0<ETX>
2025-05-18 01:09:53,844 - INFO - Started continuous front wiper (speed=fast)
2025-05-18 01:09:53,845 - INFO - Sent response UART: <STX>1,2,16,4,12,0,0,0<ETX>
2025-05-18 01:10:14,564 - INFO - Received keyboard interrupt
2025-05-18 01:10:14,565 - INFO - Shutting down...
2025-05-18 01:10:14,581 - INFO - Sent response UART: <STX>1,2,0,4,12,0,0,0<ETX>
2025-05-18 01:10:14,582 - INFO - Wipers fully stopped
2025-05-18 01:10:14,583 - INFO - Sent response UART: <STX>1,2,0,4,12,0,0,0<ETX>
