2025-05-19 16:26:52,922 - INFO - Created a socket
2025-05-19 16:26:52,925 - INFO - CAN initialized
2025-05-19 16:26:52,934 - INFO - GPIO initialized
2025-05-19 16:27:10,537 - INFO - Updating DR from 0 LEDs to 4 LEDs (Level: 100%)
2025-05-19 16:27:10,540 - INFO - Turned on DR LED 1 (GPIO 2)
2025-05-19 16:27:10,541 - INFO - Updating PS from 0 LEDs to 4 LEDs (Level: 100%)
2025-05-19 16:27:10,543 - INFO - Turned on PS LED 1 (GPIO 27)
2025-05-19 16:27:10,545 - INFO - Updating DRS from 0 LEDs to 4 LEDs (Level: 100%)
2025-05-19 16:27:10,547 - INFO - Turned on DRS LED 1 (GPIO 6)
2025-05-19 16:27:10,549 - INFO - Updating PRS from 0 LEDs to 4 LEDs (Level: 100%)
2025-05-19 16:27:10,551 - INFO - Turned on PRS LED 1 (GPIO 12)
2025-05-19 16:27:11,542 - INFO - Turned on DR LED 2 (GPIO 3)
2025-05-19 16:27:11,546 - INFO - Turned on PS LED 2 (GPIO 22)
2025-05-19 16:27:11,550 - INFO - Turned on DRS LED 2 (GPIO 13)
2025-05-19 16:27:11,552 - INFO - Turned on PRS LED 2 (GPIO 16)
2025-05-19 16:27:12,543 - INFO - Turned on DR LED 3 (GPIO 23)
2025-05-19 16:27:12,548 - INFO - Turned on PS LED 3 (GPIO 0)
2025-05-19 16:27:12,552 - INFO - Turned on DRS LED 3 (GPIO 19)
2025-05-19 16:27:12,553 - INFO - Turned on PRS LED 3 (GPIO 20)
2025-05-19 16:27:13,544 - INFO - Turned on DR LED 4 (GPIO 17)
2025-05-19 16:27:13,550 - INFO - Turned on PS LED 4 (GPIO 5)
2025-05-19 16:27:13,553 - INFO - Turned on DRS LED 4 (GPIO 26)
2025-05-19 16:27:13,554 - INFO - Turned on PRS LED 4 (GPIO 21)
2025-05-19 16:27:14,546 - INFO - Sent response CAN: 0264010000000700
2025-05-19 16:27:14,554 - INFO - Sent response CAN: 0264016400000700
2025-05-19 16:27:14,557 - INFO - Sent response CAN: 0264016400640700
2025-05-19 16:27:14,558 - INFO - Sent response CAN: 0264016400640764
2025-05-19 16:27:43,002 - INFO - Updating DR from 4 LEDs to 0 LEDs (Level: 0%)
2025-05-19 16:27:43,003 - INFO - Turned off DR LED 4 (GPIO 17)
2025-05-19 16:27:44,004 - INFO - Turned off DR LED 3 (GPIO 23)
2025-05-19 16:27:45,006 - INFO - Turned off DR LED 2 (GPIO 3)
2025-05-19 16:27:46,007 - INFO - Turned off DR LED 1 (GPIO 2)
2025-05-19 16:27:47,009 - INFO - Sent response CAN: 0200016400640764
2025-05-19 16:29:12,203 - INFO - Received keyboard interrupt
2025-05-19 16:29:12,204 - INFO - Shutting down...
2025-05-19 16:29:12,367 - INFO - Shutdown complete
2025-05-19 16:29:16,198 - INFO - Created a socket
2025-05-19 16:29:16,200 - INFO - CAN initialized
2025-05-19 16:29:16,210 - INFO - GPIO initialized
2025-05-19 16:30:01,473 - INFO - Updating DR from 0 LEDs to 4 LEDs (Level: 100%)
2025-05-19 16:30:01,474 - INFO - Turned on DR LED 1 (GPIO 2)
2025-05-19 16:30:02,475 - INFO - Turned on DR LED 2 (GPIO 3)
2025-05-19 16:30:03,477 - INFO - Turned on DR LED 3 (GPIO 23)
2025-05-19 16:30:04,478 - INFO - Turned on DR LED 4 (GPIO 17)
2025-05-19 16:30:05,481 - INFO - Sent response CAN: 64000000
2025-05-19 17:00:37,217 - INFO - Created a socket
2025-05-19 17:00:37,219 - INFO - CAN initialized
2025-05-19 17:00:37,229 - INFO - GPIO initialized
2025-05-19 17:01:07,624 - INFO - Updating DR from 0 LEDs to 4 LEDs (Level: 100%)
2025-05-19 17:01:07,625 - INFO - Turned on DR LED 1 (GPIO 2)
2025-05-19 17:01:08,626 - INFO - Turned on DR LED 2 (GPIO 3)
2025-05-19 17:01:09,628 - INFO - Turned on DR LED 3 (GPIO 23)
2025-05-19 17:01:10,629 - INFO - Turned on DR LED 4 (GPIO 17)
2025-05-19 17:01:11,631 - INFO - Sent response CAN: 0264010001000100
2025-05-19 17:01:44,286 - INFO - Updating PS from 0 LEDs to 4 LEDs (Level: 100%)
2025-05-19 17:01:44,287 - INFO - Turned on PS LED 1 (GPIO 27)
2025-05-19 17:01:45,288 - INFO - Turned on PS LED 2 (GPIO 22)
2025-05-19 17:01:46,289 - INFO - Turned on PS LED 3 (GPIO 0)
2025-05-19 17:01:47,291 - INFO - Turned on PS LED 4 (GPIO 5)
2025-05-19 17:01:48,292 - INFO - Sent response CAN: 0264026401000100
2025-05-19 17:02:05,624 - INFO - Updating DRS from 0 LEDs to 4 LEDs (Level: 100%)
2025-05-19 17:02:05,625 - INFO - Turned on DRS LED 1 (GPIO 6)
2025-05-19 17:02:06,626 - INFO - Turned on DRS LED 2 (GPIO 13)
2025-05-19 17:02:07,628 - INFO - Turned on DRS LED 3 (GPIO 19)
2025-05-19 17:02:08,629 - INFO - Turned on DRS LED 4 (GPIO 26)
2025-05-19 17:02:09,631 - INFO - Sent response CAN: 0264026402640100
2025-05-19 17:02:38,074 - INFO - Updating DR from 4 LEDs to 0 LEDs (Level: 0%)
2025-05-19 17:02:38,076 - INFO - Turned off DR LED 4 (GPIO 17)
2025-05-19 17:02:39,077 - INFO - Turned off DR LED 3 (GPIO 23)
2025-05-19 17:02:40,078 - INFO - Turned off DR LED 2 (GPIO 3)
2025-05-19 17:02:41,079 - INFO - Turned off DR LED 1 (GPIO 2)
2025-05-19 17:02:42,081 - INFO - Sent response CAN: 0200026402640100
