2025-05-18 18:21:35,598 - INFO - Created a socket
2025-05-18 18:21:35,600 - INFO - CAN initialized
2025-05-18 18:21:35,601 - INFO - GPIO initialized
2025-05-18 18:21:35,734 - INFO - Created a socket
2025-05-18 18:21:35,736 - INFO - Listening for CAN messages...
2025-05-18 18:21:35,737 - INFO - Monitoring response.txt...
2025-05-18 18:21:35,738 - INFO - Wiper slave initialized
2025-05-18 18:21:35,740 - INFO - response.txt changed, updating signals
2025-05-18 18:21:35,751 - INFO - Sent response CAN: 010100004d000000
2025-05-18 18:22:14,106 - INFO - Shutting down...
2025-05-18 18:22:14,157 - ERROR - CAN monitoring error: Error receiving: Network is down [Error Code 100]
2025-05-18 18:22:14,159 - INFO - Shutting down...
2025-05-18 18:22:14,166 - INFO - Shutdown complete
2025-05-18 18:22:14,167 - INFO - Shutting down...
2025-05-18 18:22:16,285 - INFO - Created a socket
2025-05-18 18:22:16,286 - INFO - CAN initialized
2025-05-18 18:22:16,287 - INFO - GPIO initialized
2025-05-18 18:22:16,421 - INFO - Created a socket
2025-05-18 18:22:16,423 - INFO - Listening for CAN messages...
2025-05-18 18:22:16,424 - INFO - Monitoring response.txt...
2025-05-18 18:22:16,425 - INFO - Wiper slave initialized
2025-05-18 18:22:16,425 - INFO - response.txt changed, updating signals
2025-05-18 18:22:16,433 - INFO - Sent response CAN: 010100004d000000
2025-05-18 18:22:21,334 - INFO - Controlled LED: Low Beam = activated
2025-05-18 18:22:21,459 - INFO - Sent response CAN: 01000000000000
2025-05-18 18:22:21,601 - INFO - Processing signals: {'Wiper_Function_Enabled': 0}
2025-05-18 18:22:21,603 - INFO - Wipers fully stopped
2025-05-18 18:22:21,604 - INFO - Sent response CAN: 010100004d000000
2025-05-18 18:22:21,606 - INFO - Sent response CAN: 000000004d000000
2025-05-18 18:22:21,608 - INFO - Controlled LED: Low Beam = activated
2025-05-18 18:22:21,611 - INFO - Sent response CAN: 01000000000000
2025-05-18 18:22:21,613 - INFO - Controlled LED: Low Beam = desactivated
2025-05-18 18:22:21,616 - INFO - Sent response CAN: 00000000000000
2025-05-18 18:22:57,347 - INFO - Controlled LED: Parking Right = activated
2025-05-18 18:22:57,349 - INFO - Sent response CAN: 00000001000000
2025-05-18 18:23:34,239 - INFO - Processing signals: {'wiperMode': 2, 'wiperSpeed': 1, 'WiperIntermittent': 1, 'wipingCycle': 1700, 'Wiper_Function_Enabled': 1}
2025-05-18 18:23:34,240 - INFO - Wipers fully stopped
2025-05-18 18:23:34,241 - INFO - Sent response CAN: 000000004d000000
2025-05-18 18:23:34,246 - INFO - Controlled LED: Low Beam = desactivated
2025-05-18 18:23:34,247 - INFO - Started intermittent rear wiper
2025-05-18 18:23:34,248 - INFO - Started continuous front wiper (speed=normal)
2025-05-18 18:23:34,250 - INFO - Sent response CAN: 010120024d000000
2025-05-18 18:23:34,253 - INFO - Sent response CAN: 00000001000000
2025-05-18 18:23:34,255 - INFO - Controlled LED: Low Beam = activated
2025-05-18 18:23:34,257 - INFO - Sent response CAN: 01000001000000
2025-05-18 18:25:05,424 - INFO - response.txt changed, updating signals
2025-05-18 18:25:05,425 - INFO - Sent response CAN: 0101100263000000
2025-05-18 18:25:05,426 - INFO - Controlled LED: Low Beam = activated
2025-05-18 18:25:05,427 - INFO - Sent response CAN: 01000001000000
2025-05-18 18:27:59,145 - INFO - Controlled LED: Hazard Lights = activated
2025-05-18 18:27:59,146 - INFO - Sent response CAN: 01000001010000
2025-05-18 18:27:59,148 - INFO - Controlled LED: Left Turn = activated
2025-05-18 18:27:59,150 - INFO - Sent response CAN: 01000001010001
2025-05-18 18:27:59,151 - INFO - Controlled LED: Right Turn = desactivated
2025-05-18 18:27:59,152 - INFO - Sent response CAN: 01000001010001
2025-05-18 18:27:59,154 - INFO - Controlled LED: Low Beam = activated
2025-05-18 18:27:59,156 - INFO - Sent response CAN: 01000001010001
2025-05-18 18:27:59,157 - INFO - Controlled LED: High Beam = activated
2025-05-18 18:27:59,157 - INFO - Sent response CAN: 01010001010001
2025-05-18 18:27:59,158 - INFO - Controlled LED: Parking Right = activated
2025-05-18 18:27:59,158 - INFO - Sent response CAN: 01010001010001
2025-05-18 18:27:59,159 - INFO - Controlled LED: Parking Left = activated
2025-05-18 18:27:59,159 - INFO - Sent response CAN: 01010101010001
2025-05-18 18:28:31,965 - INFO - Processing signals: {'Wiper_Function_Enabled': 0}
2025-05-18 18:28:32,018 - INFO - Sent response CAN: 0101000263000000
2025-05-18 18:28:32,021 - INFO - Controlled LED: Low Beam = activated
2025-05-18 18:28:32,023 - INFO - Sent response CAN: 01010101010001
2025-05-18 18:28:32,120 - INFO - Wipers fully stopped
2025-05-18 18:28:32,121 - INFO - Sent response CAN: 0101000263000000
2025-05-18 18:28:32,123 - INFO - Sent response CAN: 0000000063000000
2025-05-18 18:28:32,125 - INFO - Controlled LED: Low Beam = activated
2025-05-18 18:28:32,128 - INFO - Sent response CAN: 01010101010001
2025-05-18 18:28:32,130 - INFO - Controlled LED: Low Beam = desactivated
2025-05-18 18:28:32,132 - INFO - Sent response CAN: 00010101010001
2025-05-18 18:28:33,939 - INFO - Sent response CAN: 0000000063000000
2025-05-18 18:28:33,940 - INFO - Controlled LED: Low Beam = desactivated
2025-05-18 18:28:33,942 - INFO - Sent response CAN: 00010101010001
2025-05-18 18:29:12,255 - INFO - Controlled LED: Hazard Lights = activated
2025-05-18 18:29:12,257 - INFO - Sent response CAN: 00010101010001
2025-05-18 18:29:12,259 - INFO - Controlled LED: Left Turn = activated
2025-05-18 18:29:12,260 - INFO - Sent response CAN: 00010101010001
2025-05-18 18:29:12,261 - INFO - Controlled LED: Right Turn = activated
2025-05-18 18:29:12,262 - INFO - Sent response CAN: 00010101010101
2025-05-18 18:29:12,264 - INFO - Controlled LED: Low Beam = activated
2025-05-18 18:29:12,265 - INFO - Sent response CAN: 01010101010101
2025-05-18 18:29:12,266 - INFO - Controlled LED: High Beam = activated
2025-05-18 18:29:12,268 - INFO - Sent response CAN: 01010101010101
2025-05-18 18:29:12,269 - INFO - Controlled LED: Parking Right = activated
2025-05-18 18:29:12,270 - INFO - Sent response CAN: 01010101010101
2025-05-18 18:29:12,271 - INFO - Controlled LED: Parking Left = activated
2025-05-18 18:29:12,271 - INFO - Sent response CAN: 01010101010101
2025-05-18 18:31:10,451 - INFO - Processing signals: {'wiperMode': 2, 'wiperSpeed': 2, 'Wiper_Function_Enabled': 1}
2025-05-18 18:31:10,452 - INFO - Wipers fully stopped
2025-05-18 18:31:10,464 - INFO - Sent response CAN: 0000000063000000
2025-05-18 18:31:10,466 - INFO - Started continuous front wiper (speed=fast)
2025-05-18 18:31:10,467 - INFO - Sent response CAN: 0102100263000000
2025-05-18 18:31:10,467 - INFO - Controlled LED: Low Beam = desactivated
2025-05-18 18:31:10,469 - INFO - Sent response CAN: 00010101010101
2025-05-18 18:31:10,470 - INFO - Controlled LED: Low Beam = activated
2025-05-18 18:31:10,472 - INFO - Sent response CAN: 01010101010101
2025-05-18 18:31:38,994 - INFO - Shutting down...
2025-05-18 18:31:39,043 - ERROR - CAN monitoring error: Error receiving: Network is down [Error Code 100]
2025-05-18 18:31:39,044 - INFO - Shutting down...
2025-05-18 18:31:39,052 - INFO - Shutdown complete
2025-05-18 18:31:39,054 - INFO - Shutting down...
2025-05-19 02:27:58,287 - INFO - Created a socket
2025-05-19 02:27:58,294 - INFO - CAN initialized
2025-05-19 02:27:58,296 - INFO - GPIO initialized
2025-05-19 02:27:58,502 - INFO - Created a socket
2025-05-19 02:27:58,511 - INFO - Listening for CAN messages...
2025-05-19 02:27:58,516 - INFO - Monitoring response.txt...
2025-05-19 02:27:58,516 - INFO - Wiper slave initialized
2025-05-19 02:27:58,517 - INFO - response.txt changed, updating signals
2025-05-19 02:27:58,539 - INFO - Sent response CAN: 0101000063000000
2025-05-19 02:27:58,542 - INFO - Controlled LED: Low Beam = activated
2025-05-19 02:27:58,548 - INFO - Sent response CAN: 01000000000000
2025-05-19 02:28:08,446 - INFO - Processing signals: {'wiperMode': 2, 'wiperSpeed': 2, 'Wiper_Function_Enabled': 1}
2025-05-19 02:28:08,448 - INFO - Wipers fully stopped
2025-05-19 02:28:08,451 - INFO - Sent response CAN: 0101000063000000
2025-05-19 02:28:08,456 - INFO - Controlled LED: Low Beam = activated
2025-05-19 02:28:08,458 - INFO - Sent response CAN: 01000000000000
2025-05-19 02:28:08,462 - INFO - Started continuous front wiper (speed=fast)
2025-05-19 02:28:08,464 - INFO - Sent response CAN: 0102100263000000
2025-05-19 02:28:08,466 - INFO - Controlled LED: Low Beam = activated
2025-05-19 02:28:08,468 - INFO - Sent response CAN: 01000000000000
2025-05-19 02:28:31,559 - INFO - Processing signals: {'Wiper_Function_Enabled': 0}
2025-05-19 02:28:31,569 - INFO - Sent response CAN: 0102000263000000
2025-05-19 02:28:31,570 - INFO - Controlled LED: Low Beam = activated
2025-05-19 02:28:31,571 - INFO - Wipers fully stopped
2025-05-19 02:28:31,571 - INFO - Sent response CAN: 01000000000000
2025-05-19 02:28:31,573 - INFO - Sent response CAN: 0102000263000000
2025-05-19 02:28:31,574 - INFO - Controlled LED: Low Beam = activated
2025-05-19 02:28:31,576 - INFO - Sent response CAN: 01000000000000
2025-05-19 02:28:31,577 - INFO - Sent response CAN: 0000000063000000
2025-05-19 02:28:31,578 - INFO - Controlled LED: Low Beam = desactivated
2025-05-19 02:28:31,579 - INFO - Sent response CAN: 00000000000000
2025-05-19 02:28:59,608 - INFO - Controlled LED: Hazard Lights = activated
2025-05-19 02:28:59,610 - INFO - Sent response CAN: 00000000010000
2025-05-19 02:28:59,611 - INFO - Controlled LED: Left Turn = activated
2025-05-19 02:28:59,613 - INFO - Sent response CAN: 00000000010001
2025-05-19 02:28:59,614 - INFO - Controlled LED: Right Turn = activated
2025-05-19 02:28:59,616 - INFO - Sent response CAN: 00000000010101
2025-05-19 02:28:59,617 - INFO - Controlled LED: Low Beam = activated
2025-05-19 02:28:59,619 - INFO - Sent response CAN: 01000000010101
2025-05-19 02:28:59,620 - INFO - Controlled LED: High Beam = activated
2025-05-19 02:28:59,622 - INFO - Sent response CAN: 01010000010101
2025-05-19 02:28:59,623 - INFO - Controlled LED: Parking Right = activated
2025-05-19 02:28:59,625 - INFO - Sent response CAN: 01010001010101
2025-05-19 02:28:59,625 - INFO - Controlled LED: Parking Left = activated
2025-05-19 02:28:59,627 - INFO - Sent response CAN: 01010101010101
2025-05-19 02:29:36,172 - INFO - Controlled LED: Hazard Lights = desactivated
2025-05-19 02:29:36,172 - INFO - Sent response CAN: 01010101000101
2025-05-19 02:29:36,173 - INFO - Controlled LED: Left Turn = desactivated
2025-05-19 02:29:36,173 - INFO - Sent response CAN: 01010101000100
2025-05-19 02:29:36,174 - INFO - Controlled LED: Right Turn = desactivated
2025-05-19 02:29:36,174 - INFO - Sent response CAN: 01010101000000
2025-05-19 02:29:36,175 - INFO - Controlled LED: Low Beam = desactivated
2025-05-19 02:29:36,176 - INFO - Sent response CAN: 00010101000000
2025-05-19 02:29:36,177 - INFO - Controlled LED: High Beam = desactivated
2025-05-19 02:29:36,178 - INFO - Sent response CAN: 00000101000000
2025-05-19 02:29:36,179 - INFO - Controlled LED: Parking Right = desactivated
2025-05-19 02:29:36,180 - INFO - Sent response CAN: 00000100000000
2025-05-19 02:29:36,182 - INFO - Controlled LED: Parking Left = desactivated
2025-05-19 02:29:36,183 - INFO - Sent response CAN: 00000000000000
2025-05-19 02:30:39,135 - INFO - Processing signals: {'wiperMode': 2, 'wiperSpeed': 1, 'WiperIntermittent': 1, 'wipingCycle': 1700, 'Wiper_Function_Enabled': 1}
2025-05-19 02:30:39,135 - INFO - Wipers fully stopped
2025-05-19 02:30:39,137 - INFO - Controlled LED: Low Beam = desactivated
2025-05-19 02:30:39,138 - INFO - Sent response CAN: 0000000063000000
2025-05-19 02:30:39,139 - INFO - Sent response CAN: 00000000000000
2025-05-19 02:30:39,142 - INFO - Started intermittent rear wiper
2025-05-19 02:30:39,143 - INFO - Started continuous front wiper (speed=normal)
2025-05-19 02:30:39,144 - INFO - Sent response CAN: 0101200263000000
2025-05-19 02:30:39,147 - INFO - Controlled LED: Low Beam = activated
2025-05-19 02:30:39,149 - INFO - Sent response CAN: 01000000000000
2025-05-19 02:30:47,543 - INFO - Processing signals: {'Wiper_Function_Enabled': 0}
2025-05-19 02:30:47,557 - INFO - Sent response CAN: 0101000263000000
2025-05-19 02:30:47,559 - INFO - Controlled LED: Low Beam = activated
2025-05-19 02:30:47,562 - INFO - Sent response CAN: 01000000000000
2025-05-19 02:30:47,658 - INFO - Wipers fully stopped
2025-05-19 02:30:47,660 - INFO - Sent response CAN: 0101000263000000
2025-05-19 02:30:47,661 - INFO - Sent response CAN: 0000000063000000
2025-05-19 02:30:47,662 - INFO - Controlled LED: Low Beam = activated
2025-05-19 02:30:47,666 - INFO - Sent response CAN: 01000000000000
2025-05-19 02:30:47,667 - INFO - Controlled LED: Low Beam = desactivated
2025-05-19 02:30:47,669 - INFO - Sent response CAN: 00000000000000
2025-05-19 02:30:48,956 - INFO - Sent response CAN: 0000000063000000
2025-05-19 02:30:48,957 - INFO - Controlled LED: Low Beam = desactivated
2025-05-19 02:30:48,958 - INFO - Sent response CAN: 00000000000000
2025-05-19 02:31:21,780 - INFO - Shutting down...
2025-05-19 02:31:21,807 - INFO - Shutting down...
2025-05-19 02:31:21,808 - ERROR - CAN monitoring error: Error receiving: Network is down [Error Code 100]
2025-05-19 02:31:21,817 - INFO - Shutdown complete
2025-05-19 02:31:21,817 - INFO - Shutting down...
2025-05-19 13:33:25,378 - INFO - Created a socket
2025-05-19 13:33:25,381 - INFO - CAN initialized
2025-05-19 13:33:25,383 - INFO - GPIO initialized
2025-05-19 13:33:25,546 - INFO - Created a socket
2025-05-19 13:33:25,552 - INFO - Listening for CAN messages...
2025-05-19 13:33:25,553 - INFO - Monitoring response.txt...
2025-05-19 13:33:25,554 - INFO - Wiper slave initialized
2025-05-19 13:33:25,556 - INFO - response.txt changed, updating signals
2025-05-19 13:33:25,560 - INFO - Sent response CAN: 0101000063000000
2025-05-19 13:33:25,718 - INFO - Created a socket
2025-05-19 13:33:25,720 - INFO - CAN initialized
2025-05-19 13:33:25,721 - INFO - GPIO initialized
2025-05-19 13:33:25,727 - INFO - Controlled LED: Low Beam = activated
2025-05-19 13:33:25,731 - INFO - Sent response CAN: 01000000000000
2025-05-19 13:33:41,949 - INFO - Processing signals: {'Wiper_Function_Enabled': 0}
2025-05-19 13:33:41,951 - INFO - Wipers fully stopped
2025-05-19 13:33:41,964 - INFO - Sent response CAN: 0101000063000000
2025-05-19 13:33:41,965 - INFO - Sent response CAN: 0000000063000000
2025-05-19 13:33:41,969 - INFO - Controlled LED: Low Beam = activated
2025-05-19 13:33:41,971 - INFO - Sent response CAN: 01000000000000
2025-05-19 13:33:41,972 - INFO - Controlled LED: Low Beam = desactivated
2025-05-19 13:33:41,975 - INFO - Sent response CAN: 00000000000000
2025-05-19 13:34:48,148 - INFO - Updating PRS from 0 LEDs to 4 LEDs (Level: 100%)
2025-05-19 13:34:48,149 - INFO - Turned on PRS LED 1 (GPIO 12)
2025-05-19 13:34:49,150 - INFO - Turned on PRS LED 2 (GPIO 16)
2025-05-19 13:34:50,152 - INFO - Turned on PRS LED 3 (GPIO 20)
2025-05-19 13:34:51,153 - INFO - Turned on PRS LED 4 (GPIO 21)
2025-05-19 13:34:52,156 - INFO - Sent response CAN: 0100010001000764
2025-05-19 13:35:08,582 - INFO - Updating PRS from 4 LEDs to 0 LEDs (Level: 0%)
2025-05-19 13:35:08,584 - INFO - Turned off PRS LED 4 (GPIO 21)
2025-05-19 13:35:09,585 - INFO - Turned off PRS LED 3 (GPIO 20)
2025-05-19 13:35:10,586 - INFO - Turned off PRS LED 2 (GPIO 16)
2025-05-19 13:35:11,587 - INFO - Turned off PRS LED 1 (GPIO 12)
2025-05-19 13:35:12,590 - INFO - Sent response CAN: 0100010001000700
2025-05-19 13:35:31,054 - INFO - Shutting down...
2025-05-19 13:35:31,105 - INFO - Shutting down...
2025-05-19 13:35:31,107 - ERROR - CAN monitoring error: Error receiving: Network is down [Error Code 100]
2025-05-19 13:35:31,106 - INFO - Shutting down...
2025-05-19 13:35:31,118 - INFO - Shutdown complete
2025-05-19 13:35:31,119 - INFO - Shutting down...
2025-05-19 13:45:53,082 - INFO - Created a socket
2025-05-19 13:45:53,084 - INFO - CAN initialized
2025-05-19 13:45:53,086 - INFO - GPIO initialized
2025-05-19 13:45:53,247 - INFO - Created a socket
2025-05-19 13:45:53,252 - INFO - Listening for CAN messages...
2025-05-19 13:45:53,254 - INFO - Monitoring response.txt...
2025-05-19 13:45:53,255 - INFO - Wiper slave initialized
2025-05-19 13:45:53,256 - INFO - response.txt changed, updating signals
2025-05-19 13:45:53,260 - INFO - Sent response CAN: 0101000063000000
2025-05-19 13:45:53,419 - INFO - Created a socket
2025-05-19 13:45:53,422 - INFO - CAN initialized
2025-05-19 13:45:53,423 - INFO - GPIO initialized
2025-05-19 13:46:10,303 - INFO - Controlled LED: Low Beam = activated
2025-05-19 13:46:10,304 - INFO - Sent response CAN: 01000000000000
2025-05-19 13:46:10,792 - INFO - Processing signals: {'Wiper_Function_Enabled': 0}
2025-05-19 13:46:10,793 - INFO - Wipers fully stopped
2025-05-19 13:46:10,794 - INFO - Sent response CAN: 0101000063000000
2025-05-19 13:46:10,795 - INFO - Sent response CAN: 0000000063000000
2025-05-19 13:46:10,798 - INFO - Controlled LED: Low Beam = activated
2025-05-19 13:46:10,802 - INFO - Sent response CAN: 01000000000000
2025-05-19 13:46:10,803 - INFO - Controlled LED: Low Beam = desactivated
2025-05-19 13:46:10,806 - INFO - Sent response CAN: 00000000000000
2025-05-19 13:46:39,318 - INFO - Processing signals: {'wiperMode': 2, 'wiperSpeed': 1, 'WiperIntermittent': 1, 'wipingCycle': 1700, 'Wiper_Function_Enabled': 1}
2025-05-19 13:46:39,319 - INFO - Wipers fully stopped
2025-05-19 13:46:39,332 - INFO - Sent response CAN: 0000000063000000
2025-05-19 13:46:39,337 - INFO - Controlled LED: Low Beam = desactivated
2025-05-19 13:46:39,338 - INFO - Started intermittent rear wiper
2025-05-19 13:46:39,340 - INFO - Started continuous front wiper (speed=normal)
2025-05-19 13:46:39,343 - INFO - Sent response CAN: 0101200263000000
2025-05-19 13:46:39,346 - INFO - Sent response CAN: 00000000000000
2025-05-19 13:46:39,348 - INFO - Controlled LED: Low Beam = activated
2025-05-19 13:46:39,349 - INFO - Sent response CAN: 01000000000000
2025-05-19 13:46:50,729 - INFO - Processing signals: {'Wiper_Function_Enabled': 0}
2025-05-19 13:46:50,753 - INFO - Sent response CAN: 0101000263000000
2025-05-19 13:46:50,756 - INFO - Controlled LED: Low Beam = activated
2025-05-19 13:46:50,758 - INFO - Sent response CAN: 01000000000000
2025-05-19 13:46:50,846 - INFO - Sent response CAN: 0101000263000000
2025-05-19 13:46:50,848 - INFO - Wipers fully stopped
2025-05-19 13:46:50,850 - INFO - Controlled LED: Low Beam = activated
2025-05-19 13:46:50,851 - INFO - Sent response CAN: 0101000263000000
2025-05-19 13:46:50,856 - INFO - Sent response CAN: 01000000000000
2025-05-19 13:46:50,857 - INFO - Sent response CAN: 0000000063000000
2025-05-19 13:46:50,859 - INFO - Controlled LED: Low Beam = activated
2025-05-19 13:46:50,864 - INFO - Sent response CAN: 01000000000000
2025-05-19 13:46:50,865 - INFO - Controlled LED: Low Beam = desactivated
2025-05-19 13:46:50,869 - INFO - Sent response CAN: 00000000000000
2025-05-19 13:47:38,936 - INFO - Updating PRS from 0 LEDs to 4 LEDs (Level: 100%)
2025-05-19 13:47:38,937 - INFO - Turned on PRS LED 1 (GPIO 12)
2025-05-19 13:47:39,938 - INFO - Turned on PRS LED 2 (GPIO 16)
2025-05-19 13:47:40,939 - INFO - Turned on PRS LED 3 (GPIO 20)
2025-05-19 13:47:41,940 - INFO - Turned on PRS LED 4 (GPIO 21)
2025-05-19 13:47:42,942 - INFO - Sent response CAN: 0100010001000764
2025-05-19 13:47:57,867 - INFO - Updating PRS from 4 LEDs to 0 LEDs (Level: 0%)
2025-05-19 13:47:57,868 - INFO - Turned off PRS LED 4 (GPIO 21)
2025-05-19 13:47:58,869 - INFO - Turned off PRS LED 3 (GPIO 20)
2025-05-19 13:47:59,870 - INFO - Turned off PRS LED 2 (GPIO 16)
2025-05-19 13:48:00,871 - INFO - Turned off PRS LED 1 (GPIO 12)
2025-05-19 13:48:01,873 - INFO - Sent response CAN: 0100010001000700
2025-05-19 13:48:57,660 - INFO - Controlled LED: Hazard Lights = activated
2025-05-19 13:48:57,663 - INFO - Sent response CAN: 00000000010000
2025-05-19 13:48:57,668 - INFO - Controlled LED: Left Turn = activated
2025-05-19 13:48:57,670 - INFO - Sent response CAN: 00000000010001
2025-05-19 13:48:57,673 - INFO - Controlled LED: Right Turn = activated
2025-05-19 13:48:57,674 - INFO - Sent response CAN: 00000000010101
2025-05-19 13:48:57,675 - INFO - Controlled LED: Low Beam = activated
2025-05-19 13:48:57,676 - INFO - Sent response CAN: 01000000010101
2025-05-19 13:48:57,678 - INFO - Controlled LED: High Beam = activated
2025-05-19 13:48:57,681 - INFO - Sent response CAN: 01010000010101
2025-05-19 13:48:57,683 - INFO - Controlled LED: Parking Right = activated
2025-05-19 13:48:57,686 - INFO - Sent response CAN: 01010001010101
2025-05-19 13:48:57,688 - INFO - Controlled LED: Parking Left = activated
2025-05-19 13:48:57,692 - INFO - Sent response CAN: 01010101010101
2025-05-19 13:49:12,297 - INFO - Controlled LED: Hazard Lights = desactivated
2025-05-19 13:49:12,298 - INFO - Sent response CAN: 01010101000101
2025-05-19 13:49:12,299 - INFO - Controlled LED: Left Turn = desactivated
2025-05-19 13:49:12,300 - INFO - Sent response CAN: 01010101000100
2025-05-19 13:49:12,302 - INFO - Controlled LED: Right Turn = desactivated
2025-05-19 13:49:12,306 - INFO - Sent response CAN: 01010101000000
2025-05-19 13:49:12,308 - INFO - Controlled LED: Low Beam = desactivated
2025-05-19 13:49:12,312 - INFO - Sent response CAN: 00010101000000
2025-05-19 13:49:12,313 - INFO - Controlled LED: High Beam = desactivated
2025-05-19 13:49:12,317 - INFO - Sent response CAN: 00000101000000
2025-05-19 13:49:12,319 - INFO - Controlled LED: Parking Right = desactivated
2025-05-19 13:49:12,322 - INFO - Sent response CAN: 00000100000000
2025-05-19 13:49:12,323 - INFO - Controlled LED: Parking Left = desactivated
2025-05-19 13:49:12,325 - INFO - Sent response CAN: 00000000000000
